
START - automation started - Sun Oct 20 2019 22:45:55 GMT+0800 (+08)

LIVE MODE - type done to quit
 [TAGUI][STARTED]
[TAGUI][0] - listening for inputs
[TAGUI][1] - https://www.skyscanner.com.sg/
[TAGUI][1] - listening for inputs
[TAGUI][2] - present_result = present('//input[@id="fsc-trip-type-selector-return"]').toString()
[TAGUI][2] - listening for inputs
[TAGUI][3] - dump present_result to tagui_python.txt
[TAGUI][3] - listening for inputs
[TAGUI][4] - present_result = present('//input[@id="fsc-trip-type-selector-return"]').toString()
[TAGUI][4] - listening for inputs
[TAGUI][5] - dump present_result to tagui_python.txt
[TAGUI][5] - listening for inputs
[TAGUI][6] - exist_result = exist('//input[@id="fsc-trip-type-selector-return"]').toString()
[TAGUI][6] - listening for inputs
[TAGUI][7] - dump exist_result to tagui_python.txt
[TAGUI][7] - listening for inputs
[TAGUI][8] - click //input[@id="fsc-trip-type-selector-return"]
[TAGUI][8] - listening for inputs
[TAGUI][9] - exist_result = exist('//input[@id="fsc-origin-search"]').toString()
[TAGUI][9] - listening for inputs
[TAGUI][10] - dump exist_result to tagui_python.txt
[TAGUI][10] - listening for inputs
[TAGUI][11] - type //input[@id="fsc-origin-search"] as singapore
[TAGUI][11] - listening for inputs
[TAGUI][12] - exist_result = exist('//input[@id="fsc-destination-search"]').toString()
[TAGUI][12] - listening for inputs
[TAGUI][13] - dump exist_result to tagui_python.txt
[TAGUI][13] - listening for inputs
[TAGUI][14] - type //input[@id="fsc-destination-search"] as beijing
[TAGUI][14] - listening for inputs
[TAGUI][15] - exist_result = exist('//button[@id="depart-fsc-datepicker-button"]//span[starts-with(@class,"DateInput")]').toString()
[TAGUI][15] - listening for inputs
[TAGUI][16] - dump exist_result to tagui_python.txt
[TAGUI][16] - listening for inputs
[TAGUI][17] - click //button[@id="depart-fsc-datepicker-button"]//span[starts-with(@class,"DateInput")]
[TAGUI][17] - listening for inputs
[TAGUI][18] - exist_result = exist('//select[@id="depart-calendar__bpk_calendar_nav_select"]').toString()
[TAGUI][18] - listening for inputs
[TAGUI][19] - dump exist_result to tagui_python.txt
[TAGUI][19] - listening for inputs
[TAGUI][20] - click //select[@id="depart-calendar__bpk_calendar_nav_select"]
[TAGUI][20] - listening for inputs
[TAGUI][21] - exist_result = exist('//select[@id="depart-calendar__bpk_calendar_nav_select"]').toString()
[TAGUI][21] - listening for inputs
[TAGUI][22] - dump exist_result to tagui_python.txt
[TAGUI][22] - listening for inputs
[TAGUI][23] - select //select[@id="depart-calendar__bpk_calendar_nav_select"] as 2019-11
[TAGUI][23] - listening for inputs
[TAGUI][24] - exist_result = exist('//button[starts-with(@class,"BpkCalendarDate") and contains(@aria-label,"1 November 2019")]').toString()
[TAGUI][24] - listening for inputs
[TAGUI][25] - dump exist_result to tagui_python.txt
[TAGUI][25] - listening for inputs
[TAGUI][26] - click //button[starts-with(@class,"BpkCalendarDate") and contains(@aria-label,"1 November 2019")]
[TAGUI][26] - listening for inputs
[TAGUI][27] - exist_result = exist('//button[@id="return-fsc-datepicker-button"]//span[starts-with(@class,"DateInput")]').toString()
[TAGUI][27] - listening for inputs
[TAGUI][28] - dump exist_result to tagui_python.txt
[TAGUI][28] - listening for inputs
[TAGUI][29] - click //button[@id="return-fsc-datepicker-button"]//span[starts-with(@class,"DateInput")]
[TAGUI][29] - listening for inputs
[TAGUI][30] - exist_result = exist('//select[@id="return-calendar__bpk_calendar_nav_select"]').toString()
[TAGUI][30] - listening for inputs
[TAGUI][31] - dump exist_result to tagui_python.txt
[TAGUI][31] - listening for inputs
[TAGUI][32] - click //select[@id="return-calendar__bpk_calendar_nav_select"]
[TAGUI][32] - listening for inputs
[TAGUI][33] - exist_result = exist('//select[@id="return-calendar__bpk_calendar_nav_select"]').toString()
[TAGUI][33] - listening for inputs
[TAGUI][34] - dump exist_result to tagui_python.txt
[TAGUI][34] - listening for inputs
[TAGUI][35] - select //select[@id="return-calendar__bpk_calendar_nav_select"] as 2019-11
[TAGUI][35] - listening for inputs
[TAGUI][36] - exist_result = exist('//button[starts-with(@class,"BpkCalendarDate") and contains(@aria-label,"5 November 2019")]').toString()
[TAGUI][36] - listening for inputs
[TAGUI][37] - dump exist_result to tagui_python.txt
[TAGUI][37] - listening for inputs
[TAGUI][38] - click //button[starts-with(@class,"BpkCalendarDate") and contains(@aria-label,"5 November 2019")]
[TAGUI][38] - listening for inputs
[TAGUI][39] - exist_result = exist('//button[starts-with(@id,"CabinClassTravellersSelector")]').toString()
[TAGUI][39] - listening for inputs
[TAGUI][40] - dump exist_result to tagui_python.txt
[TAGUI][40] - listening for inputs
[TAGUI][41] - click //button[starts-with(@id,"CabinClassTravellersSelector")]
[TAGUI][41] - listening for inputs
[TAGUI][42] - exist_result = exist('//select[@id="search-controls-cabin-class-dropdown"]').toString()
[TAGUI][42] - listening for inputs
[TAGUI][43] - dump exist_result to tagui_python.txt
[TAGUI][43] - listening for inputs
[TAGUI][44] - click //select[@id="search-controls-cabin-class-dropdown"]
[TAGUI][44] - listening for inputs
[TAGUI][45] - exist_result = exist('//select[@id="search-controls-cabin-class-dropdown"]').toString()
[TAGUI][45] - listening for inputs
[TAGUI][46] - dump exist_result to tagui_python.txt
[TAGUI][46] - listening for inputs
[TAGUI][47] - select //select[@id="search-controls-cabin-class-dropdown"] as economy
[TAGUI][47] - listening for inputs
[TAGUI][48] - exist_result = exist('//input[@id="search-controls-adults-nudger"]').toString()
[TAGUI][48] - listening for inputs
[TAGUI][49] - dump exist_result to tagui_python.txt
[TAGUI][49] - listening for inputs
[TAGUI][50] - read //input[@id="search-controls-adults-nudger"] to read_result
[TAGUI][50] - listening for inputs
[TAGUI][51] - dump read_result to tagui_python.txt
[TAGUI][51] - listening for inputs
[TAGUI][52] - exist_result = exist('//input[@id="search-controls-children-nudger"]').toString()
[TAGUI][52] - listening for inputs
[TAGUI][53] - dump exist_result to tagui_python.txt
[TAGUI][53] - listening for inputs
[TAGUI][54] - read //input[@id="search-controls-children-nudger"] to read_result
[TAGUI][54] - listening for inputs
[TAGUI][55] - dump read_result to tagui_python.txt
[TAGUI][55] - listening for inputs
[TAGUI][56] - exist_result = exist('//select[@id="children-age-dropdown-0"]').toString()
[TAGUI][56] - listening for inputs
[TAGUI][57] - dump exist_result to tagui_python.txt
[TAGUI][57] - listening for inputs
[TAGUI][58] - click //select[@id="children-age-dropdown-0"]
[TAGUI][58] - listening for inputs
[TAGUI][59] - exist_result = exist('//select[@id="children-age-dropdown-0"]').toString()
[TAGUI][59] - listening for inputs
[TAGUI][60] - dump exist_result to tagui_python.txt
[TAGUI][60] - listening for inputs
[TAGUI][61] - select //select[@id="children-age-dropdown-0"] as 1
[TAGUI][61] - listening for inputs
[TAGUI][62] - exist_result = exist('//select[@id="children-age-dropdown-1"]').toString()
[TAGUI][62] - listening for inputs
[TAGUI][63] - dump exist_result to tagui_python.txt
[TAGUI][63] - listening for inputs
[TAGUI][64] - click //select[@id="children-age-dropdown-1"]
[TAGUI][64] - listening for inputs
[TAGUI][65] - exist_result = exist('//select[@id="children-age-dropdown-1"]').toString()
[TAGUI][65] - listening for inputs
[TAGUI][66] - dump exist_result to tagui_python.txt
[TAGUI][66] - listening for inputs
[TAGUI][67] - select //select[@id="children-age-dropdown-1"] as 3
[TAGUI][67] - listening for inputs
[TAGUI][68] - exist_result = exist('//section[@id="cabin-class-travellers-popover"]//button[.="Done"]').toString()
[TAGUI][68] - listening for inputs
[TAGUI][69] - dump exist_result to tagui_python.txt
[TAGUI][69] - listening for inputs
[TAGUI][70] - click //section[@id="cabin-class-travellers-popover"]//button[.="Done"]
[TAGUI][70] - listening for inputs
[TAGUI][71] - exist_result = exist('//button[@type="submit"][@aria-label="Search flights"]').toString()
[TAGUI][71] - listening for inputs
[TAGUI][72] - dump exist_result to tagui_python.txt
[TAGUI][72] - listening for inputs
[TAGUI][73] - click //button[@type="submit"][@aria-label="Search flights"]
[TAGUI][73] - listening for inputs
[TAGUI][74] - present_result = present('//div[@class="ResultsSummary_summaryContainer__3_ZX_"]//span[@class="BpkText_bpk-text__2NHsO BpkText_bpk-text--sm__345aT SummaryInfo_itineraryCountContainer__30Hjd"]').toString()
[TAGUI][74] - listening for inputs
[TAGUI][75] - dump present_result to tagui_python.txt
[TAGUI][75] - listening for inputs
[TAGUI][76] - present_result = present('//div[@class="ResultsSummary_summaryContainer__3_ZX_"]//span[@class="BpkText_bpk-text__2NHsO BpkText_bpk-text--sm__345aT SummaryInfo_itineraryCountContainer__30Hjd"]').toString()
[TAGUI][76] - listening for inputs
[TAGUI][77] - dump present_result to tagui_python.txt
[TAGUI][77] - listening for inputs
[TAGUI][78] - present_result = present('//div[@class="ResultsSummary_summaryContainer__3_ZX_"]//span[@class="BpkText_bpk-text__2NHsO BpkText_bpk-text--sm__345aT SummaryInfo_itineraryCountContainer__30Hjd"]').toString()
[TAGUI][78] - listening for inputs
[TAGUI][79] - dump present_result to tagui_python.txt
[TAGUI][79] - listening for inputs
[TAGUI][80] - present_result = present('//div[@class="ResultsSummary_summaryContainer__3_ZX_"]//span[@class="BpkText_bpk-text__2NHsO BpkText_bpk-text--sm__345aT SummaryInfo_itineraryCountContainer__30Hjd"]').toString()
[TAGUI][80] - listening for inputs
[TAGUI][81] - dump present_result to tagui_python.txt
[TAGUI][81] - listening for inputs
[TAGUI][82] - present_result = present('//div[@class="ResultsSummary_summaryContainer__3_ZX_"]//span[@class="BpkText_bpk-text__2NHsO BpkText_bpk-text--sm__345aT SummaryInfo_itineraryCountContainer__30Hjd"]').toString()
[TAGUI][82] - listening for inputs
[TAGUI][83] - dump present_result to tagui_python.txt
[TAGUI][83] - listening for inputs
[TAGUI][84] - present_result = present('//div[@class="ResultsSummary_summaryContainer__3_ZX_"]//span[@class="BpkText_bpk-text__2NHsO BpkText_bpk-text--sm__345aT SummaryInfo_itineraryCountContainer__30Hjd"]').toString()
[TAGUI][84] - listening for inputs
[TAGUI][85] - dump present_result to tagui_python.txt
[TAGUI][85] - listening for inputs
[TAGUI][86] - present_result = present('//div[@class="ResultsSummary_summaryContainer__3_ZX_"]//span[@class="BpkText_bpk-text__2NHsO BpkText_bpk-text--sm__345aT SummaryInfo_itineraryCountContainer__30Hjd"]').toString()
[TAGUI][86] - listening for inputs
[TAGUI][87] - dump present_result to tagui_python.txt
[TAGUI][87] - listening for inputs
[TAGUI][88] - present_result = present('//div[@class="ResultsSummary_summaryContainer__3_ZX_"]//span[@class="BpkText_bpk-text__2NHsO BpkText_bpk-text--sm__345aT SummaryInfo_itineraryCountContainer__30Hjd"]').toString()
[TAGUI][88] - listening for inputs
[TAGUI][89] - dump present_result to tagui_python.txt
[TAGUI][89] - listening for inputs
[TAGUI][90] - present_result = present('//div[@class="ResultsSummary_summaryContainer__3_ZX_"]//span[@class="BpkText_bpk-text__2NHsO BpkText_bpk-text--sm__345aT SummaryInfo_itineraryCountContainer__30Hjd"]').toString()
[TAGUI][90] - listening for inputs
[TAGUI][91] - dump present_result to tagui_python.txt
[TAGUI][91] - listening for inputs
[TAGUI][92] - present_result = present('//div[@class="ResultsSummary_summaryContainer__3_ZX_"]//span[@class="BpkText_bpk-text__2NHsO BpkText_bpk-text--sm__345aT SummaryInfo_itineraryCountContainer__30Hjd"]').toString()
[TAGUI][92] - listening for inputs
[TAGUI][93] - dump present_result to tagui_python.txt
[TAGUI][93] - listening for inputs
[TAGUI][94] - present_result = present('//div[@class="ResultsSummary_summaryContainer__3_ZX_"]//span[@class="BpkText_bpk-text__2NHsO BpkText_bpk-text--sm__345aT SummaryInfo_itineraryCountContainer__30Hjd"]').toString()
[TAGUI][94] - listening for inputs
[TAGUI][95] - dump present_result to tagui_python.txt
[TAGUI][95] - listening for inputs
[TAGUI][96] - present_result = present('//div[@class="ResultsSummary_summaryContainer__3_ZX_"]//span[@class="BpkText_bpk-text__2NHsO BpkText_bpk-text--sm__345aT SummaryInfo_itineraryCountContainer__30Hjd"]').toString()
[TAGUI][96] - listening for inputs
[TAGUI][97] - dump present_result to tagui_python.txt
[TAGUI][97] - listening for inputs
[TAGUI][98] - present_result = present('//div[@class="ResultsSummary_summaryContainer__3_ZX_"]//span[@class="BpkText_bpk-text__2NHsO BpkText_bpk-text--sm__345aT SummaryInfo_itineraryCountContainer__30Hjd"]').toString()
[TAGUI][98] - listening for inputs
[TAGUI][99] - dump present_result to tagui_python.txt
[TAGUI][99] - listening for inputs
[TAGUI][100] - present_result = present('//div[@class="ResultsSummary_summaryContainer__3_ZX_"]//span[@class="BpkText_bpk-text__2NHsO BpkText_bpk-text--sm__345aT SummaryInfo_itineraryCountContainer__30Hjd"]').toString()
[TAGUI][100] - listening for inputs
[TAGUI][101] - dump present_result to tagui_python.txt
[TAGUI][101] - listening for inputs
[TAGUI][102] - present_result = present('//div[@class="ResultsSummary_summaryContainer__3_ZX_"]//span[@class="BpkText_bpk-text__2NHsO BpkText_bpk-text--sm__345aT SummaryInfo_itineraryCountContainer__30Hjd"]').toString()
[TAGUI][102] - listening for inputs
[TAGUI][103] - dump present_result to tagui_python.txt
[TAGUI][103] - listening for inputs
[TAGUI][104] - present_result = present('//div[@class="ResultsSummary_summaryContainer__3_ZX_"]//span[@class="BpkText_bpk-text__2NHsO BpkText_bpk-text--sm__345aT SummaryInfo_itineraryCountContainer__30Hjd"]').toString()
[TAGUI][104] - listening for inputs
[TAGUI][105] - dump present_result to tagui_python.txt
[TAGUI][105] - listening for inputs
[TAGUI][106] - present_result = present('//div[@class="ResultsSummary_summaryContainer__3_ZX_"]//span[@class="BpkText_bpk-text__2NHsO BpkText_bpk-text--sm__345aT SummaryInfo_itineraryCountContainer__30Hjd"]').toString()
[TAGUI][106] - listening for inputs
[TAGUI][107] - dump present_result to tagui_python.txt
[TAGUI][107] - listening for inputs
[TAGUI][108] - present_result = present('//div[@class="ResultsSummary_summaryContainer__3_ZX_"]//span[@class="BpkText_bpk-text__2NHsO BpkText_bpk-text--sm__345aT SummaryInfo_itineraryCountContainer__30Hjd"]').toString()
[TAGUI][108] - listening for inputs
[TAGUI][109] - dump present_result to tagui_python.txt
[TAGUI][109] - listening for inputs
[TAGUI][110] - present_result = present('//div[@class="ResultsSummary_summaryContainer__3_ZX_"]//span[@class="BpkText_bpk-text__2NHsO BpkText_bpk-text--sm__345aT SummaryInfo_itineraryCountContainer__30Hjd"]').toString()
[TAGUI][110] - listening for inputs
[TAGUI][111] - dump present_result to tagui_python.txt
[TAGUI][111] - listening for inputs
[TAGUI][112] - present_result = present('//div[@class="ResultsSummary_summaryContainer__3_ZX_"]//span[@class="BpkText_bpk-text__2NHsO BpkText_bpk-text--sm__345aT SummaryInfo_itineraryCountContainer__30Hjd"]').toString()
[TAGUI][112] - listening for inputs
[TAGUI][113] - dump present_result to tagui_python.txt
[TAGUI][113] - listening for inputs
[TAGUI][114] - present_result = present('//div[@class="ResultsSummary_summaryContainer__3_ZX_"]//span[@class="BpkText_bpk-text__2NHsO BpkText_bpk-text--sm__345aT SummaryInfo_itineraryCountContainer__30Hjd"]').toString()
[TAGUI][114] - listening for inputs
[TAGUI][115] - dump present_result to tagui_python.txt
[TAGUI][115] - listening for inputs
[TAGUI][116] - present_result = present('//span[@class="BpkBadge_bpk-badge__2mEjm "]').toString()
[TAGUI][116] - listening for inputs
[TAGUI][117] - dump present_result to tagui_python.txt
[TAGUI][117] - listening for inputs
[TAGUI][118] - exist_result = exist('(//a[@class="FlightsTicket_link__kl4DL"])[1]//@href').toString()
[TAGUI][118] - listening for inputs
[TAGUI][119] - dump exist_result to tagui_python.txt
[TAGUI][119] - listening for inputs
[TAGUI][120] - hover (//a[@class="FlightsTicket_link__kl4DL"])[1]//@href
[TAGUI][120] - listening for inputs
[TAGUI][121] - exist_result = exist('(//a[@class="FlightsTicket_link__kl4DL"])[1]//@href').toString()
[TAGUI][121] - listening for inputs
[TAGUI][122] - dump exist_result to tagui_python.txt
[TAGUI][122] - listening for inputs
[TAGUI][123] - read (//a[@class="FlightsTicket_link__kl4DL"])[1]//@href to read_result
[TAGUI][123] - listening for inputs
[TAGUI][124] - dump read_result to tagui_python.txt
[TAGUI][124] - listening for inputs
[TAGUI][125] - exist_result = exist('(//span[@class="BpkText_bpk-text__2NHsO BpkText_bpk-text--lg__3vAKN BpkText_bpk-text--bold__4yauk"])[5]').toString()
[TAGUI][125] - listening for inputs
[TAGUI][126] - dump exist_result to tagui_python.txt
[TAGUI][126] - listening for inputs
[TAGUI][127] - hover (//span[@class="BpkText_bpk-text__2NHsO BpkText_bpk-text--lg__3vAKN BpkText_bpk-text--bold__4yauk"])[5]
[TAGUI][127] - listening for inputs
[TAGUI][128] - exist_result = exist('(//span[@class="BpkText_bpk-text__2NHsO BpkText_bpk-text--lg__3vAKN BpkText_bpk-text--bold__4yauk"])[5]').toString()
[TAGUI][128] - listening for inputs
[TAGUI][129] - dump exist_result to tagui_python.txt
[TAGUI][129] - listening for inputs
[TAGUI][130] - read (//span[@class="BpkText_bpk-text__2NHsO BpkText_bpk-text--lg__3vAKN BpkText_bpk-text--bold__4yauk"])[5] to read_result
[TAGUI][130] - listening for inputs
[TAGUI][131] - dump read_result to tagui_python.txt
[TAGUI][131] - listening for inputs
[TAGUI][132] - exist_result = exist('(//img[@class="BpkImage_bpk-image__img__3HwXN"]/@src)[1]').toString()
[TAGUI][132] - listening for inputs
[TAGUI][133] - dump exist_result to tagui_python.txt
[TAGUI][133] - listening for inputs
[TAGUI][134] - hover (//img[@class="BpkImage_bpk-image__img__3HwXN"]/@src)[1]
[TAGUI][134] - listening for inputs
[TAGUI][135] - exist_result = exist('(//img[@class="BpkImage_bpk-image__img__3HwXN"]/@src)[1]').toString()
[TAGUI][135] - listening for inputs
[TAGUI][136] - dump exist_result to tagui_python.txt
[TAGUI][136] - listening for inputs
[TAGUI][137] - read (//img[@class="BpkImage_bpk-image__img__3HwXN"]/@src)[1] to read_result
[TAGUI][137] - listening for inputs
[TAGUI][138] - dump read_result to tagui_python.txt
[TAGUI][138] - listening for inputs
[TAGUI][139] - exist_result = exist('(//img[@class="BpkImage_bpk-image__img__3HwXN"]/@src)[2]').toString()
[TAGUI][139] - listening for inputs
[TAGUI][140] - dump exist_result to tagui_python.txt
[TAGUI][140] - listening for inputs
[TAGUI][141] - hover (//img[@class="BpkImage_bpk-image__img__3HwXN"]/@src)[2]
[TAGUI][141] - listening for inputs
[TAGUI][142] - exist_result = exist('(//img[@class="BpkImage_bpk-image__img__3HwXN"]/@src)[2]').toString()
[TAGUI][142] - listening for inputs
[TAGUI][143] - dump exist_result to tagui_python.txt
[TAGUI][143] - listening for inputs
[TAGUI][144] - read (//img[@class="BpkImage_bpk-image__img__3HwXN"]/@src)[2] to read_result
[TAGUI][144] - listening for inputs
[TAGUI][145] - dump read_result to tagui_python.txt
[TAGUI][145] - listening for inputs
[TAGUI][146] - exist_result = exist('(//img[@class="BpkImage_bpk-image__img__3HwXN"]/@src)[3]').toString()
[TAGUI][146] - listening for inputs
[TAGUI][147] - dump exist_result to tagui_python.txt
[TAGUI][147] - listening for inputs
[TAGUI][148] - hover (//img[@class="BpkImage_bpk-image__img__3HwXN"]/@src)[3]
[TAGUI][148] - listening for inputs
[TAGUI][149] - exist_result = exist('(//img[@class="BpkImage_bpk-image__img__3HwXN"]/@src)[3]').toString()
[TAGUI][149] - listening for inputs
[TAGUI][150] - dump exist_result to tagui_python.txt
[TAGUI][150] - listening for inputs
[TAGUI][151] - read (//img[@class="BpkImage_bpk-image__img__3HwXN"]/@src)[3] to read_result
[TAGUI][151] - listening for inputs
[TAGUI][152] - dump read_result to tagui_python.txt
[TAGUI][152] - listening for inputs
[TAGUI][153] - exist_result = exist('(//span[@class="BpkText_bpk-text__2NHsO BpkText_bpk-text--lg__3vAKN"])[1]').toString()
[TAGUI][153] - listening for inputs
[TAGUI][154] - dump exist_result to tagui_python.txt
[TAGUI][154] - listening for inputs
[TAGUI][155] - hover (//span[@class="BpkText_bpk-text__2NHsO BpkText_bpk-text--lg__3vAKN"])[1]
[TAGUI][155] - listening for inputs
[TAGUI][156] - exist_result = exist('(//span[@class="BpkText_bpk-text__2NHsO BpkText_bpk-text--lg__3vAKN"])[1]').toString()
[TAGUI][156] - listening for inputs
[TAGUI][157] - dump exist_result to tagui_python.txt
[TAGUI][157] - listening for inputs
[TAGUI][158] - read (//span[@class="BpkText_bpk-text__2NHsO BpkText_bpk-text--lg__3vAKN"])[1] to read_result
[TAGUI][158] - listening for inputs
[TAGUI][159] - dump read_result to tagui_python.txt
[TAGUI][159] - listening for inputs
[TAGUI][160] - exist_result = exist('(//span[@class="BpkText_bpk-text__2NHsO BpkText_bpk-text--lg__3vAKN"])[2]').toString()
[TAGUI][160] - listening for inputs
[TAGUI][161] - dump exist_result to tagui_python.txt
[TAGUI][161] - listening for inputs
[TAGUI][162] - hover (//span[@class="BpkText_bpk-text__2NHsO BpkText_bpk-text--lg__3vAKN"])[2]
[TAGUI][162] - listening for inputs
[TAGUI][163] - exist_result = exist('(//span[@class="BpkText_bpk-text__2NHsO BpkText_bpk-text--lg__3vAKN"])[2]').toString()
[TAGUI][163] - listening for inputs
[TAGUI][164] - dump exist_result to tagui_python.txt
[TAGUI][164] - listening for inputs
[TAGUI][165] - read (//span[@class="BpkText_bpk-text__2NHsO BpkText_bpk-text--lg__3vAKN"])[2] to read_result
[TAGUI][165] - listening for inputs
[TAGUI][166] - dump read_result to tagui_python.txt
[TAGUI][166] - listening for inputs
[TAGUI][167] - exist_result = exist('(//img[@class="BpkImage_bpk-image__img__3HwXN"])[4]/@alt').toString()
[TAGUI][167] - listening for inputs
[TAGUI][168] - dump exist_result to tagui_python.txt
[TAGUI][168] - listening for inputs
[TAGUI][169] - hover (//img[@class="BpkImage_bpk-image__img__3HwXN"])[4]/@alt
[TAGUI][169] - listening for inputs
[TAGUI][170] - exist_result = exist('(//img[@class="BpkImage_bpk-image__img__3HwXN"])[4]/@alt').toString()
[TAGUI][170] - listening for inputs
[TAGUI][171] - dump exist_result to tagui_python.txt
[TAGUI][171] - listening for inputs
[TAGUI][172] - read (//img[@class="BpkImage_bpk-image__img__3HwXN"])[4]/@alt to read_result
[TAGUI][172] - listening for inputs
[TAGUI][173] - dump read_result to tagui_python.txt
[TAGUI][173] - listening for inputs
[TAGUI][174] - exist_result = exist('(//span[@class="BpkText_bpk-text__2NHsO BpkText_bpk-text--sm__345aT Duration_duration__1QA_S"])[1]').toString()
[TAGUI][174] - listening for inputs
[TAGUI][175] - dump exist_result to tagui_python.txt
[TAGUI][175] - listening for inputs
[TAGUI][176] - hover (//span[@class="BpkText_bpk-text__2NHsO BpkText_bpk-text--sm__345aT Duration_duration__1QA_S"])[1]
[TAGUI][176] - listening for inputs
[TAGUI][177] - exist_result = exist('(//span[@class="BpkText_bpk-text__2NHsO BpkText_bpk-text--sm__345aT Duration_duration__1QA_S"])[1]').toString()
[TAGUI][177] - listening for inputs
[TAGUI][178] - dump exist_result to tagui_python.txt
[TAGUI][178] - listening for inputs
[TAGUI][179] - read (//span[@class="BpkText_bpk-text__2NHsO BpkText_bpk-text--sm__345aT Duration_duration__1QA_S"])[1] to read_result
[TAGUI][179] - listening for inputs
[TAGUI][180] - dump read_result to tagui_python.txt
[TAGUI][180] - listening for inputs
[TAGUI][181] - exist_result = exist('(//div[@class="LegInfo_stopsLabelContainer__2dEdt"]/span)[1]').toString()
[TAGUI][181] - listening for inputs
[TAGUI][182] - dump exist_result to tagui_python.txt
[TAGUI][182] - listening for inputs
[TAGUI][183] - hover (//div[@class="LegInfo_stopsLabelContainer__2dEdt"]/span)[1]
[TAGUI][183] - listening for inputs
[TAGUI][184] - exist_result = exist('(//div[@class="LegInfo_stopsLabelContainer__2dEdt"]/span)[1]').toString()
[TAGUI][184] - listening for inputs
[TAGUI][185] - dump exist_result to tagui_python.txt
[TAGUI][185] - listening for inputs
[TAGUI][186] - read (//div[@class="LegInfo_stopsLabelContainer__2dEdt"]/span)[1] to read_result
[TAGUI][186] - listening for inputs
[TAGUI][187] - dump read_result to tagui_python.txt
[TAGUI][187] - listening for inputs
[TAGUI][188] - present_result = present('(//span[@class="BpkText_bpk-text__2NHsO BpkText_bpk-text--lg__3vAKN LegInfo_routePartialTime__2HfzB"])[2]//span[@class="BpkText_bpk-text__2NHsO BpkText_bpk-text--sm__345aT TimeWithOffsetTooltip_offsetTooltip__24Ffv"]').toString()
[TAGUI][188] - listening for inputs
[TAGUI][189] - dump present_result to tagui_python.txt
[TAGUI][189] - listening for inputs
[TAGUI][190] - exist_result = exist('(//span[@class="BpkText_bpk-text__2NHsO BpkText_bpk-text--base__2vfTl LegInfo_routePartialCityTooltip__ZqOZK"])[1]').toString()
[TAGUI][190] - listening for inputs
[TAGUI][191] - dump exist_result to tagui_python.txt
[TAGUI][191] - listening for inputs
[TAGUI][192] - hover (//span[@class="BpkText_bpk-text__2NHsO BpkText_bpk-text--base__2vfTl LegInfo_routePartialCityTooltip__ZqOZK"])[1]
[TAGUI][192] - listening for inputs
[TAGUI][193] - exist_result = exist('(//span[@class="BpkText_bpk-text__2NHsO BpkText_bpk-text--base__2vfTl LegInfo_routePartialCityTooltip__ZqOZK"])[1]').toString()
[TAGUI][193] - listening for inputs
[TAGUI][194] - dump exist_result to tagui_python.txt
[TAGUI][194] - listening for inputs
[TAGUI][195] - read (//span[@class="BpkText_bpk-text__2NHsO BpkText_bpk-text--base__2vfTl LegInfo_routePartialCityTooltip__ZqOZK"])[1] to read_result
[TAGUI][195] - listening for inputs
[TAGUI][196] - dump read_result to tagui_python.txt
[TAGUI][196] - listening for inputs
[TAGUI][197] - exist_result = exist('(//span[@class="BpkText_bpk-text__2NHsO BpkText_bpk-text--base__2vfTl LegInfo_routePartialCityTooltip__ZqOZK"])[2]').toString()
[TAGUI][197] - listening for inputs
[TAGUI][198] - dump exist_result to tagui_python.txt
[TAGUI][198] - listening for inputs
[TAGUI][199] - hover (//span[@class="BpkText_bpk-text__2NHsO BpkText_bpk-text--base__2vfTl LegInfo_routePartialCityTooltip__ZqOZK"])[2]
[TAGUI][199] - listening for inputs
[TAGUI][200] - exist_result = exist('(//span[@class="BpkText_bpk-text__2NHsO BpkText_bpk-text--base__2vfTl LegInfo_routePartialCityTooltip__ZqOZK"])[2]').toString()
[TAGUI][200] - listening for inputs
[TAGUI][201] - dump exist_result to tagui_python.txt
[TAGUI][201] - listening for inputs
[TAGUI][202] - read (//span[@class="BpkText_bpk-text__2NHsO BpkText_bpk-text--base__2vfTl LegInfo_routePartialCityTooltip__ZqOZK"])[2] to read_result
[TAGUI][202] - listening for inputs
[TAGUI][203] - dump read_result to tagui_python.txt
[TAGUI][203] - listening for inputs
[TAGUI][204] - exist_result = exist('(//img[@class="BpkImage_bpk-image__img__3HwXN"]/@src)[4]').toString()
[TAGUI][204] - listening for inputs
[TAGUI][205] - dump exist_result to tagui_python.txt
[TAGUI][205] - listening for inputs
[TAGUI][206] - hover (//img[@class="BpkImage_bpk-image__img__3HwXN"]/@src)[4]
[TAGUI][206] - listening for inputs
[TAGUI][207] - exist_result = exist('(//img[@class="BpkImage_bpk-image__img__3HwXN"]/@src)[4]').toString()
[TAGUI][207] - listening for inputs
[TAGUI][208] - dump exist_result to tagui_python.txt
[TAGUI][208] - listening for inputs
[TAGUI][209] - read (//img[@class="BpkImage_bpk-image__img__3HwXN"]/@src)[4] to read_result
[TAGUI][209] - listening for inputs
[TAGUI][210] - dump read_result to tagui_python.txt
[TAGUI][210] - listening for inputs
[TAGUI][211] - exist_result = exist('(//span[@class="BpkText_bpk-text__2NHsO BpkText_bpk-text--lg__3vAKN"])[3]').toString()
[TAGUI][211] - listening for inputs
[TAGUI][212] - dump exist_result to tagui_python.txt
[TAGUI][212] - listening for inputs
[TAGUI][213] - hover (//span[@class="BpkText_bpk-text__2NHsO BpkText_bpk-text--lg__3vAKN"])[3]
[TAGUI][213] - listening for inputs
[TAGUI][214] - exist_result = exist('(//span[@class="BpkText_bpk-text__2NHsO BpkText_bpk-text--lg__3vAKN"])[3]').toString()
[TAGUI][214] - listening for inputs
[TAGUI][215] - dump exist_result to tagui_python.txt
[TAGUI][215] - listening for inputs
[TAGUI][216] - read (//span[@class="BpkText_bpk-text__2NHsO BpkText_bpk-text--lg__3vAKN"])[3] to read_result
[TAGUI][216] - listening for inputs
[TAGUI][217] - dump read_result to tagui_python.txt
[TAGUI][217] - listening for inputs
[TAGUI][218] - exist_result = exist('(//span[@class="BpkText_bpk-text__2NHsO BpkText_bpk-text--lg__3vAKN"])[4]').toString()
[TAGUI][218] - listening for inputs
[TAGUI][219] - dump exist_result to tagui_python.txt
[TAGUI][219] - listening for inputs
[TAGUI][220] - hover (//span[@class="BpkText_bpk-text__2NHsO BpkText_bpk-text--lg__3vAKN"])[4]
[TAGUI][220] - listening for inputs
[TAGUI][221] - exist_result = exist('(//span[@class="BpkText_bpk-text__2NHsO BpkText_bpk-text--lg__3vAKN"])[4]').toString()
[TAGUI][221] - listening for inputs
[TAGUI][222] - dump exist_result to tagui_python.txt
[TAGUI][222] - listening for inputs
[TAGUI][223] - read (//span[@class="BpkText_bpk-text__2NHsO BpkText_bpk-text--lg__3vAKN"])[4] to read_result
[TAGUI][223] - listening for inputs
[TAGUI][224] - dump read_result to tagui_python.txt
[TAGUI][224] - listening for inputs
[TAGUI][225] - exist_result = exist('(//img[@class="BpkImage_bpk-image__img__3HwXN"])[5]/@alt').toString()
[TAGUI][225] - listening for inputs
[TAGUI][226] - dump exist_result to tagui_python.txt
[TAGUI][226] - listening for inputs
[TAGUI][227] - hover (//img[@class="BpkImage_bpk-image__img__3HwXN"])[5]/@alt
[TAGUI][227] - listening for inputs
[TAGUI][228] - exist_result = exist('(//img[@class="BpkImage_bpk-image__img__3HwXN"])[5]/@alt').toString()
[TAGUI][228] - listening for inputs
[TAGUI][229] - dump exist_result to tagui_python.txt
[TAGUI][229] - listening for inputs
[TAGUI][230] - read (//img[@class="BpkImage_bpk-image__img__3HwXN"])[5]/@alt to read_result
[TAGUI][230] - listening for inputs
[TAGUI][231] - dump read_result to tagui_python.txt
[TAGUI][231] - listening for inputs
[TAGUI][232] - exist_result = exist('(//span[@class="BpkText_bpk-text__2NHsO BpkText_bpk-text--sm__345aT Duration_duration__1QA_S"])[2]').toString()
[TAGUI][232] - listening for inputs
[TAGUI][233] - dump exist_result to tagui_python.txt
[TAGUI][233] - listening for inputs
[TAGUI][234] - hover (//span[@class="BpkText_bpk-text__2NHsO BpkText_bpk-text--sm__345aT Duration_duration__1QA_S"])[2]
[TAGUI][234] - listening for inputs
[TAGUI][235] - exist_result = exist('(//span[@class="BpkText_bpk-text__2NHsO BpkText_bpk-text--sm__345aT Duration_duration__1QA_S"])[2]').toString()
[TAGUI][235] - listening for inputs
[TAGUI][236] - dump exist_result to tagui_python.txt
[TAGUI][236] - listening for inputs
[TAGUI][237] - read (//span[@class="BpkText_bpk-text__2NHsO BpkText_bpk-text--sm__345aT Duration_duration__1QA_S"])[2] to read_result
[TAGUI][237] - listening for inputs
[TAGUI][238] - dump read_result to tagui_python.txt
[TAGUI][238] - listening for inputs
[TAGUI][239] - exist_result = exist('(//div[@class="LegInfo_stopsLabelContainer__2dEdt"]/span)[2]').toString()
[TAGUI][239] - listening for inputs
[TAGUI][240] - dump exist_result to tagui_python.txt
[TAGUI][240] - listening for inputs
[TAGUI][241] - hover (//div[@class="LegInfo_stopsLabelContainer__2dEdt"]/span)[2]
[TAGUI][241] - listening for inputs
[TAGUI][242] - exist_result = exist('(//div[@class="LegInfo_stopsLabelContainer__2dEdt"]/span)[2]').toString()
[TAGUI][242] - listening for inputs
[TAGUI][243] - dump exist_result to tagui_python.txt
[TAGUI][243] - listening for inputs
[TAGUI][244] - read (//div[@class="LegInfo_stopsLabelContainer__2dEdt"]/span)[2] to read_result
[TAGUI][244] - listening for inputs
[TAGUI][245] - dump read_result to tagui_python.txt
[TAGUI][245] - listening for inputs
[TAGUI][246] - present_result = present('(//span[@class="BpkText_bpk-text__2NHsO BpkText_bpk-text--lg__3vAKN LegInfo_routePartialTime__2HfzB"])[4]//span[@class="BpkText_bpk-text__2NHsO BpkText_bpk-text--sm__345aT TimeWithOffsetTooltip_offsetTooltip__24Ffv"]').toString()
[TAGUI][246] - listening for inputs
[TAGUI][247] - dump present_result to tagui_python.txt
[TAGUI][247] - listening for inputs
[TAGUI][248] - exist_result = exist('(//span[@class="BpkText_bpk-text__2NHsO BpkText_bpk-text--base__2vfTl LegInfo_routePartialCityTooltip__ZqOZK"])[3]').toString()
[TAGUI][248] - listening for inputs
[TAGUI][249] - dump exist_result to tagui_python.txt
[TAGUI][249] - listening for inputs
[TAGUI][250] - hover (//span[@class="BpkText_bpk-text__2NHsO BpkText_bpk-text--base__2vfTl LegInfo_routePartialCityTooltip__ZqOZK"])[3]
[TAGUI][250] - listening for inputs
[TAGUI][251] - exist_result = exist('(//span[@class="BpkText_bpk-text__2NHsO BpkText_bpk-text--base__2vfTl LegInfo_routePartialCityTooltip__ZqOZK"])[3]').toString()
[TAGUI][251] - listening for inputs
[TAGUI][252] - dump exist_result to tagui_python.txt
[TAGUI][252] - listening for inputs
[TAGUI][253] - read (//span[@class="BpkText_bpk-text__2NHsO BpkText_bpk-text--base__2vfTl LegInfo_routePartialCityTooltip__ZqOZK"])[3] to read_result
[TAGUI][253] - listening for inputs
[TAGUI][254] - dump read_result to tagui_python.txt
[TAGUI][254] - listening for inputs
[TAGUI][255] - exist_result = exist('(//span[@class="BpkText_bpk-text__2NHsO BpkText_bpk-text--base__2vfTl LegInfo_routePartialCityTooltip__ZqOZK"])[4]').toString()
[TAGUI][255] - listening for inputs
[TAGUI][256] - dump exist_result to tagui_python.txt
[TAGUI][256] - listening for inputs
[TAGUI][257] - hover (//span[@class="BpkText_bpk-text__2NHsO BpkText_bpk-text--base__2vfTl LegInfo_routePartialCityTooltip__ZqOZK"])[4]
[TAGUI][257] - listening for inputs
[TAGUI][258] - exist_result = exist('(//span[@class="BpkText_bpk-text__2NHsO BpkText_bpk-text--base__2vfTl LegInfo_routePartialCityTooltip__ZqOZK"])[4]').toString()
[TAGUI][258] - listening for inputs
[TAGUI][259] - dump exist_result to tagui_python.txt
[TAGUI][259] - listening for inputs
[TAGUI][260] - read (//span[@class="BpkText_bpk-text__2NHsO BpkText_bpk-text--base__2vfTl LegInfo_routePartialCityTooltip__ZqOZK"])[4] to read_result
[TAGUI][260] - listening for inputs
[TAGUI][261] - dump read_result to tagui_python.txt
[TAGUI][261] - listening for inputs
[TAGUI][262] - dump url() to tagui_python.txt
[TAGUI][262] - listening for inputs
[TAGUI][263] - present_result = present('//span[@class="BpkBadge_bpk-badge__2mEjm "]').toString()
[TAGUI][263] - listening for inputs
[TAGUI][264] - dump present_result to tagui_python.txt
[TAGUI][264] - listening for inputs
[TAGUI][265] - exist_result = exist('(//a[@class="FlightsTicket_link__kl4DL"])[2]//@href').toString()
[TAGUI][265] - listening for inputs
[TAGUI][266] - dump exist_result to tagui_python.txt
[TAGUI][266] - listening for inputs
[TAGUI][267] - hover (//a[@class="FlightsTicket_link__kl4DL"])[2]//@href
[TAGUI][267] - listening for inputs
[TAGUI][268] - exist_result = exist('(//a[@class="FlightsTicket_link__kl4DL"])[2]//@href').toString()
[TAGUI][268] - listening for inputs
[TAGUI][269] - dump exist_result to tagui_python.txt
[TAGUI][269] - listening for inputs
[TAGUI][270] - read (//a[@class="FlightsTicket_link__kl4DL"])[2]//@href to read_result
[TAGUI][270] - listening for inputs
[TAGUI][271] - dump read_result to tagui_python.txt
[TAGUI][271] - listening for inputs
[TAGUI][272] - exist_result = exist('(//span[@class="BpkText_bpk-text__2NHsO BpkText_bpk-text--lg__3vAKN BpkText_bpk-text--bold__4yauk"])[6]').toString()
[TAGUI][272] - listening for inputs
[TAGUI][273] - dump exist_result to tagui_python.txt
[TAGUI][273] - listening for inputs
[TAGUI][274] - hover (//span[@class="BpkText_bpk-text__2NHsO BpkText_bpk-text--lg__3vAKN BpkText_bpk-text--bold__4yauk"])[6]
[TAGUI][274] - listening for inputs
[TAGUI][275] - exist_result = exist('(//span[@class="BpkText_bpk-text__2NHsO BpkText_bpk-text--lg__3vAKN BpkText_bpk-text--bold__4yauk"])[6]').toString()
[TAGUI][275] - listening for inputs
[TAGUI][276] - dump exist_result to tagui_python.txt
[TAGUI][276] - listening for inputs
[TAGUI][277] - read (//span[@class="BpkText_bpk-text__2NHsO BpkText_bpk-text--lg__3vAKN BpkText_bpk-text--bold__4yauk"])[6] to read_result
[TAGUI][277] - listening for inputs
[TAGUI][278] - dump read_result to tagui_python.txt
[TAGUI][278] - listening for inputs
[TAGUI][279] - exist_result = exist('(//img[@class="BpkImage_bpk-image__img__3HwXN"]/@src)[1]').toString()
[TAGUI][279] - listening for inputs
[TAGUI][280] - dump exist_result to tagui_python.txt
[TAGUI][280] - listening for inputs
[TAGUI][281] - hover (//img[@class="BpkImage_bpk-image__img__3HwXN"]/@src)[1]
[TAGUI][281] - listening for inputs
[TAGUI][282] - exist_result = exist('(//img[@class="BpkImage_bpk-image__img__3HwXN"]/@src)[1]').toString()
[TAGUI][282] - listening for inputs
[TAGUI][283] - dump exist_result to tagui_python.txt
[TAGUI][283] - listening for inputs
[TAGUI][284] - read (//img[@class="BpkImage_bpk-image__img__3HwXN"]/@src)[1] to read_result
[TAGUI][284] - listening for inputs
[TAGUI][285] - dump read_result to tagui_python.txt
[TAGUI][285] - listening for inputs
[TAGUI][286] - exist_result = exist('(//img[@class="BpkImage_bpk-image__img__3HwXN"]/@src)[2]').toString()
[TAGUI][286] - listening for inputs
[TAGUI][287] - dump exist_result to tagui_python.txt
[TAGUI][287] - listening for inputs
[TAGUI][288] - hover (//img[@class="BpkImage_bpk-image__img__3HwXN"]/@src)[2]
[TAGUI][288] - listening for inputs
[TAGUI][289] - exist_result = exist('(//img[@class="BpkImage_bpk-image__img__3HwXN"]/@src)[2]').toString()
[TAGUI][289] - listening for inputs
[TAGUI][290] - dump exist_result to tagui_python.txt
[TAGUI][290] - listening for inputs
[TAGUI][291] - read (//img[@class="BpkImage_bpk-image__img__3HwXN"]/@src)[2] to read_result
[TAGUI][291] - listening for inputs
[TAGUI][292] - dump read_result to tagui_python.txt
[TAGUI][292] - listening for inputs
[TAGUI][293] - exist_result = exist('(//img[@class="BpkImage_bpk-image__img__3HwXN"]/@src)[3]').toString()
[TAGUI][293] - listening for inputs
[TAGUI][294] - dump exist_result to tagui_python.txt
[TAGUI][294] - listening for inputs
[TAGUI][295] - hover (//img[@class="BpkImage_bpk-image__img__3HwXN"]/@src)[3]
[TAGUI][295] - listening for inputs
[TAGUI][296] - exist_result = exist('(//img[@class="BpkImage_bpk-image__img__3HwXN"]/@src)[3]').toString()
[TAGUI][296] - listening for inputs
[TAGUI][297] - dump exist_result to tagui_python.txt
[TAGUI][297] - listening for inputs
[TAGUI][298] - read (//img[@class="BpkImage_bpk-image__img__3HwXN"]/@src)[3] to read_result
[TAGUI][298] - listening for inputs
[TAGUI][299] - dump read_result to tagui_python.txt
[TAGUI][299] - listening for inputs
[TAGUI][300] - exist_result = exist('(//span[@class="BpkText_bpk-text__2NHsO BpkText_bpk-text--lg__3vAKN"])[5]').toString()
[TAGUI][300] - listening for inputs
[TAGUI][301] - dump exist_result to tagui_python.txt
[TAGUI][301] - listening for inputs
[TAGUI][302] - hover (//span[@class="BpkText_bpk-text__2NHsO BpkText_bpk-text--lg__3vAKN"])[5]
[TAGUI][302] - listening for inputs
[TAGUI][303] - exist_result = exist('(//span[@class="BpkText_bpk-text__2NHsO BpkText_bpk-text--lg__3vAKN"])[5]').toString()
[TAGUI][303] - listening for inputs
[TAGUI][304] - dump exist_result to tagui_python.txt
[TAGUI][304] - listening for inputs
[TAGUI][305] - read (//span[@class="BpkText_bpk-text__2NHsO BpkText_bpk-text--lg__3vAKN"])[5] to read_result
[TAGUI][305] - listening for inputs
[TAGUI][306] - dump read_result to tagui_python.txt
[TAGUI][306] - listening for inputs
[TAGUI][307] - exist_result = exist('(//span[@class="BpkText_bpk-text__2NHsO BpkText_bpk-text--lg__3vAKN"])[6]').toString()
[TAGUI][307] - listening for inputs
[TAGUI][308] - dump exist_result to tagui_python.txt
[TAGUI][308] - listening for inputs
[TAGUI][309] - hover (//span[@class="BpkText_bpk-text__2NHsO BpkText_bpk-text--lg__3vAKN"])[6]
[TAGUI][309] - listening for inputs
[TAGUI][310] - exist_result = exist('(//span[@class="BpkText_bpk-text__2NHsO BpkText_bpk-text--lg__3vAKN"])[6]').toString()
[TAGUI][310] - listening for inputs
[TAGUI][311] - dump exist_result to tagui_python.txt
[TAGUI][311] - listening for inputs
[TAGUI][312] - read (//span[@class="BpkText_bpk-text__2NHsO BpkText_bpk-text--lg__3vAKN"])[6] to read_result
